[debug] [2022-03-23T22:38:19.079Z] ----------------------------------------------------------------------
[debug] [2022-03-23T22:38:19.081Z] Command:       /usr/local/bin/node /Users/Bhargavaa/Desktop/CS124/cs124-lab2/node_modules/.bin/firebase init
[debug] [2022-03-23T22:38:19.082Z] CLI Version:   10.4.2
[debug] [2022-03-23T22:38:19.082Z] Platform:      darwin
[debug] [2022-03-23T22:38:19.082Z] Node Version:  v16.14.0
[debug] [2022-03-23T22:38:19.083Z] Time:          Wed Mar 23 2022 15:38:19 GMT-0700 (Pacific Daylight Time)
[debug] [2022-03-23T22:38:19.083Z] ----------------------------------------------------------------------
[debug] 
[debug] [2022-03-23T22:38:19.086Z] >>> [apiv2][query] GET https://firebase-public.firebaseio.com/cli.json [none]
[debug] [2022-03-23T22:38:19.158Z] > command requires scopes: ["email","openid","https://www.googleapis.com/auth/cloudplatformprojects.readonly","https://www.googleapis.com/auth/firebase","https://www.googleapis.com/auth/cloud-platform"]
[debug] [2022-03-23T22:38:19.159Z] > authorizing via signed-in user (bhargavaaditya225@gmail.com)
[info] 
     ######## #### ########  ######## ########     ###     ######  ########
     ##        ##  ##     ## ##       ##     ##  ##   ##  ##       ##
     ######    ##  ########  ######   ########  #########  ######  ######
     ##        ##  ##    ##  ##       ##     ## ##     ##       ## ##
     ##       #### ##     ## ######## ########  ##     ##  ######  ########

You're about to initialize a Firebase project in this directory:

  /Users/Bhargavaa/Desktop/CS124/cs124-lab2

Before we get started, keep in mind:

  * You are initializing within an existing Firebase project directory

[debug] [2022-03-23T22:38:19.430Z] <<< [apiv2][status] GET https://firebase-public.firebaseio.com/cli.json 200
[debug] [2022-03-23T22:38:19.431Z] <<< [apiv2][body] GET https://firebase-public.firebaseio.com/cli.json {"cloudBuildErrorAfter":1594252800000,"cloudBuildWarnAfter":1590019200000,"defaultNode10After":1594252800000,"minVersion":"3.0.5","node8DeploysDisabledAfter":1613390400000,"node8RuntimeDisabledAfter":1615809600000,"node8WarnAfter":1600128000000}
